<?xml version="1.0" encoding="UTF-8"?>
<!-- Generated by org.testng.reporters.JUnitXMLReporter -->
<testsuite ignored="0" hostname="Vij" failures="0" tests="1" name="Chrome Test" time="0.077" errors="0" timestamp="2025-07-08T23:58:34 IST">
  <testcase classname="com.DevopsAssignment.BaseTest" name="@BeforeMethod setup" time="-1.751999314571E9">
    <failure type="org.testng.TestNGException" message="
Parameter &amp;apos;bname&amp;apos; is required by BeforeMethod on method setup but has not been marked @Optional or defined
in C:\Users\kanav\OneDrive\Desktop\Kanav_WebDriver_Demos\DevopsProject\testng.xml">
      <![CDATA[org.testng.TestNGException: 
Parameter 'bname' is required by BeforeMethod on method setup but has not been marked @Optional or defined
in C:\Users\kanav\OneDrive\Desktop\Kanav_WebDriver_Demos\DevopsProject\testng.xml
at java.base/java.util.ArrayList.forEach(ArrayList.java:1596)
at java.base/java.util.concurrent.FutureTask.run(FutureTask.java:317)
at java.base/java.util.concurrent.ThreadPoolExecutor.runWorker(ThreadPoolExecutor.java:1144)
at java.base/java.util.concurrent.ThreadPoolExecutor$Worker.run(ThreadPoolExecutor.java:642)
at java.base/java.lang.Thread.run(Thread.java:1583)
... Removed 18 stack frames]]>
    </failure>
  </testcase> <!-- @BeforeMethod setup -->
  <testcase classname="com.DevopsAssignment.BaseTest" name="@BeforeMethod setup" time="-1.751999314571E9">
    <failure type="org.testng.TestNGException" message="
Parameter &amp;apos;bname&amp;apos; is required by BeforeMethod on method setup but has not been marked @Optional or defined
in C:\Users\kanav\OneDrive\Desktop\Kanav_WebDriver_Demos\DevopsProject\testng.xml">
      <![CDATA[org.testng.TestNGException: 
Parameter 'bname' is required by BeforeMethod on method setup but has not been marked @Optional or defined
in C:\Users\kanav\OneDrive\Desktop\Kanav_WebDriver_Demos\DevopsProject\testng.xml
at java.base/java.util.ArrayList.forEach(ArrayList.java:1596)
at java.base/java.util.concurrent.FutureTask.run(FutureTask.java:317)
at java.base/java.util.concurrent.ThreadPoolExecutor.runWorker(ThreadPoolExecutor.java:1144)
at java.base/java.util.concurrent.ThreadPoolExecutor$Worker.run(ThreadPoolExecutor.java:642)
at java.base/java.lang.Thread.run(Thread.java:1583)
... Removed 18 stack frames]]>
    </failure>
  </testcase> <!-- @BeforeMethod setup -->
  <testcase classname="com.DevopsAssignment.AmazonTest" name="testAmazonFooterLinks" time="0.0">
    <skipped/>
  </testcase> <!-- testAmazonFooterLinks -->
</testsuite> <!-- Chrome Test -->
